<?xml version="1.0" encoding="UTF-8" ?>
<testsuite errors="0" failures="0" hostname="Williams-MacBook-Pro-6.local" name="org.bshouse.wsdb.test.SkiPlannerApiTest" skipped="0" tests="1" time="3.263" timestamp="2015-01-28T23:27:37">
  <properties>
[...]
</properties>
  <testcase classname="org.bshouse.wsdb.test.SkiPlannerApiTest" name="addEvent" time="0.201" />
  <system-out><![CDATA[[Server@2e3f8a3e]: [Thread[main,5,main]]: checkRunning(false) entered
[Server@2e3f8a3e]: [Thread[main,5,main]]: checkRunning(false) exited
[Server@2e3f8a3e]: [Thread[main,5,main]]: start() entered
[Server@2e3f8a3e]: [Thread[HSQLDB Server @2e3f8a3e,5,main]]: run() entered
[Server@2e3f8a3e]: Initiating startup sequence...
[Server@2e3f8a3e]: [Thread[HSQLDB Server @2e3f8a3e,5,main]]: server.maxdatabases=10
[Server@2e3f8a3e]: [Thread[HSQLDB Server @2e3f8a3e,5,main]]: server.remote_open=false
[Server@2e3f8a3e]: [Thread[HSQLDB Server @2e3f8a3e,5,main]]: server.tls=false
[Server@2e3f8a3e]: [Thread[HSQLDB Server @2e3f8a3e,5,main]]: server.port=60000
[Server@2e3f8a3e]: [Thread[HSQLDB Server @2e3f8a3e,5,main]]: server.trace=true
[Server@2e3f8a3e]: [Thread[HSQLDB Server @2e3f8a3e,5,main]]: server.database.1=file:/Users/wjderaad/Documents/CU-School/Spring15/DataEng(Anderson)/RESTfulSkiPlanner/WEB-INF/db/skidummy;hsqldb.sqllog=3;sql.enforce_names=true;user=skidefault;password=def2pass
[Server@2e3f8a3e]: [Thread[HSQLDB Server @2e3f8a3e,5,main]]: server.acl=WEB-INF/src/properties/server.acl
[Server@2e3f8a3e]: [Thread[HSQLDB Server @2e3f8a3e,5,main]]: server.database.0=file:/Users/wjderaad/Documents/CU-School/Spring15/DataEng(Anderson)/RESTfulSkiPlanner/WEB-INF/db/skidummy;hsqldb.sqllog=3;sql.enforce_names=true;user=skidefault;password=def2pass
[Server@2e3f8a3e]: [Thread[HSQLDB Server @2e3f8a3e,5,main]]: server.restart_on_shutdown=false
[Server@2e3f8a3e]: [Thread[HSQLDB Server @2e3f8a3e,5,main]]: server.no_system_exit=true
[Server@2e3f8a3e]: [Thread[HSQLDB Server @2e3f8a3e,5,main]]: server.silent=false
[Server@2e3f8a3e]: [Thread[HSQLDB Server @2e3f8a3e,5,main]]: server.default_page=index.html
[Server@2e3f8a3e]: [Thread[HSQLDB Server @2e3f8a3e,5,main]]: server.dbname.1=skiprod
[Server@2e3f8a3e]: [Thread[HSQLDB Server @2e3f8a3e,5,main]]: server.address=127.0.0.1
[Server@2e3f8a3e]: [Thread[HSQLDB Server @2e3f8a3e,5,main]]: server.dbname.0=skidummy
[Server@2e3f8a3e]: [Thread[HSQLDB Server @2e3f8a3e,5,main]]: server.root=.
[Server@2e3f8a3e]: [Thread[HSQLDB Server @2e3f8a3e,5,main]]: openServerSocket() entered
[Server@2e3f8a3e]: [Thread[HSQLDB Server @2e3f8a3e,5,main]]: shutdown() entered
[Server@2e3f8a3e]: Initiating shutdown sequence...
[Server@2e3f8a3e]: [Thread[HSQLDB Server @2e3f8a3e,5,main]]: releaseServerSocket() entered
[Server@2e3f8a3e]: [Thread[HSQLDB Server @2e3f8a3e,5,main]]: releaseServerSocket() exited
[Server@2e3f8a3e]: Shutdown sequence completed in 5 ms.
[Server@2e3f8a3e]: 2015-01-28 16:27:38.269 SHUTDOWN : System.exit() was not called
[Server@2e3f8a3e]: [Thread[HSQLDB Server @2e3f8a3e,5,main]]: shutdown() exited
[Server@2e3f8a3e]: [Thread[HSQLDB Server @2e3f8a3e,5,main]]: ServerThread.run() exited
[Server@2e3f8a3e]: [Thread[main,5,main]]: start() exiting
DriverManager.getDriver("jdbc:hsqldb:hsql://127.0.0.1:60000/skidummy")
getDriver returning org.hsqldb.jdbc.JDBCDriver
[Server@2e3f8a3e]: [Thread[main,5,main]]: stop() entered
[Server@2e3f8a3e]: [Thread[main,5,main]]: stop() serverThread is null; no action taken
]]></system-out>
  <system-err><![CDATA[[Server@2e3f8a3e]: [Thread[HSQLDB Server @2e3f8a3e,5,main]]: run()/openServerSocket(): 
java.net.BindException: Address already in use
	at java.net.PlainSocketImpl.socketBind(Native Method)
	at java.net.AbstractPlainSocketImpl.bind(AbstractPlainSocketImpl.java:376)
	at java.net.ServerSocket.bind(ServerSocket.java:376)
	at java.net.ServerSocket.<init>(ServerSocket.java:237)
	at org.hsqldb.server.HsqlSocketFactory.createServerSocket(Unknown Source)
	at org.hsqldb.server.Server.openServerSocket(Unknown Source)
	at org.hsqldb.server.Server.run(Unknown Source)
	at org.hsqldb.server.Server.access$000(Unknown Source)
	at org.hsqldb.server.Server$ServerThread.run(Unknown Source)
2015-01-28 16:27:38.389:INFO::main: Logging initialized @1239ms
2015-01-28 16:27:38.504:INFO:oejs.Server:main: jetty-9.2.6.v20141205
Jan 28, 2015 4:27:38 PM net.sourceforge.stripes.vfs.VFS info
INFO: Using VFS adapter net.sourceforge.stripes.vfs.DefaultVFS
Jan 28, 2015 4:27:39 PM net.sourceforge.stripes.controller.multipart.DefaultMultipartWrapperFactory warn
WARNING: No MultipartWrapper implementation could be loaded
Jan 28, 2015 4:27:39 PM net.sourceforge.stripes.controller.StripesFilter info
INFO: Stripes Initialization Complete. Version: 1.5.7-classloaderfix, Build: 1.5.7-classloaderfix
2015-01-28 16:27:39.135:INFO:oejsh.ContextHandler:main: Started o.e.j.w.WebAppContext@61bb4e04{/,file:/Users/wjderaad/Documents/CU-School/Spring15/DataEng(Anderson)/RESTfulSkiPlanner/,AVAILABLE}
2015-01-28 16:27:39.142:WARN:oejuc.AbstractLifeCycle:main: FAILED ServerConnector@59264b6d{HTTP/1.1}{127.0.0.1:8080}: java.net.BindException: Address already in use
java.net.BindException: Address already in use
	at sun.nio.ch.Net.bind0(Native Method)
	at sun.nio.ch.Net.bind(Net.java:444)
	at sun.nio.ch.Net.bind(Net.java:436)
	at sun.nio.ch.ServerSocketChannelImpl.bind(ServerSocketChannelImpl.java:214)
	at sun.nio.ch.ServerSocketAdaptor.bind(ServerSocketAdaptor.java:74)
	at org.eclipse.jetty.server.ServerConnector.open(ServerConnector.java:321)
	at org.eclipse.jetty.server.AbstractNetworkConnector.doStart(AbstractNetworkConnector.java:80)
	at org.eclipse.jetty.server.ServerConnector.doStart(ServerConnector.java:236)
	at org.eclipse.jetty.util.component.AbstractLifeCycle.start(AbstractLifeCycle.java:68)
	at org.eclipse.jetty.server.Server.doStart(Server.java:366)
	at org.eclipse.jetty.util.component.AbstractLifeCycle.start(AbstractLifeCycle.java:68)
	at org.bshouse.wsdb.server.Servers.start(Servers.java:60)
	at org.bshouse.wsdb.test.SkiPlannerApiTest.startServers(SkiPlannerApiTest.java:49)
	at sun.reflect.NativeMethodAccessorImpl.invoke0(Native Method)
	at sun.reflect.NativeMethodAccessorImpl.invoke(NativeMethodAccessorImpl.java:57)
	at sun.reflect.DelegatingMethodAccessorImpl.invoke(DelegatingMethodAccessorImpl.java:43)
	at java.lang.reflect.Method.invoke(Method.java:606)
	at org.junit.runners.model.FrameworkMethod$1.runReflectiveCall(FrameworkMethod.java:47)
	at org.junit.internal.runners.model.ReflectiveCallable.run(ReflectiveCallable.java:12)
	at org.junit.runners.model.FrameworkMethod.invokeExplosively(FrameworkMethod.java:44)
	at org.junit.internal.runners.statements.RunBefores.evaluate(RunBefores.java:24)
	at org.junit.internal.runners.statements.RunAfters.evaluate(RunAfters.java:27)
	at org.junit.runners.ParentRunner.run(ParentRunner.java:309)
	at junit.framework.JUnit4TestAdapter.run(JUnit4TestAdapter.java:38)
	at org.apache.tools.ant.taskdefs.optional.junit.JUnitTestRunner.run(JUnitTestRunner.java:532)
	at org.apache.tools.ant.taskdefs.optional.junit.JUnitTestRunner.launch(JUnitTestRunner.java:1179)
	at org.apache.tools.ant.taskdefs.optional.junit.JUnitTestRunner.main(JUnitTestRunner.java:1030)
2015-01-28 16:27:39.144:WARN:oejuc.AbstractLifeCycle:main: FAILED org.eclipse.jetty.server.Server@61220ed4: java.net.BindException: Address already in use
java.net.BindException: Address already in use
	at sun.nio.ch.Net.bind0(Native Method)
	at sun.nio.ch.Net.bind(Net.java:444)
	at sun.nio.ch.Net.bind(Net.java:436)
	at sun.nio.ch.ServerSocketChannelImpl.bind(ServerSocketChannelImpl.java:214)
	at sun.nio.ch.ServerSocketAdaptor.bind(ServerSocketAdaptor.java:74)
	at org.eclipse.jetty.server.ServerConnector.open(ServerConnector.java:321)
	at org.eclipse.jetty.server.AbstractNetworkConnector.doStart(AbstractNetworkConnector.java:80)
	at org.eclipse.jetty.server.ServerConnector.doStart(ServerConnector.java:236)
	at org.eclipse.jetty.util.component.AbstractLifeCycle.start(AbstractLifeCycle.java:68)
	at org.eclipse.jetty.server.Server.doStart(Server.java:366)
	at org.eclipse.jetty.util.component.AbstractLifeCycle.start(AbstractLifeCycle.java:68)
	at org.bshouse.wsdb.server.Servers.start(Servers.java:60)
	at org.bshouse.wsdb.test.SkiPlannerApiTest.startServers(SkiPlannerApiTest.java:49)
	at sun.reflect.NativeMethodAccessorImpl.invoke0(Native Method)
	at sun.reflect.NativeMethodAccessorImpl.invoke(NativeMethodAccessorImpl.java:57)
	at sun.reflect.DelegatingMethodAccessorImpl.invoke(DelegatingMethodAccessorImpl.java:43)
	at java.lang.reflect.Method.invoke(Method.java:606)
	at org.junit.runners.model.FrameworkMethod$1.runReflectiveCall(FrameworkMethod.java:47)
	at org.junit.internal.runners.model.ReflectiveCallable.run(ReflectiveCallable.java:12)
	at org.junit.runners.model.FrameworkMethod.invokeExplosively(FrameworkMethod.java:44)
	at org.junit.internal.runners.statements.RunBefores.evaluate(RunBefores.java:24)
	at org.junit.internal.runners.statements.RunAfters.evaluate(RunAfters.java:27)
	at org.junit.runners.ParentRunner.run(ParentRunner.java:309)
	at junit.framework.JUnit4TestAdapter.run(JUnit4TestAdapter.java:38)
	at org.apache.tools.ant.taskdefs.optional.junit.JUnitTestRunner.run(JUnitTestRunner.java:532)
	at org.apache.tools.ant.taskdefs.optional.junit.JUnitTestRunner.launch(JUnitTestRunner.java:1179)
	at org.apache.tools.ant.taskdefs.optional.junit.JUnitTestRunner.main(JUnitTestRunner.java:1030)
java.net.BindException: Address already in use
	at sun.nio.ch.Net.bind0(Native Method)
	at sun.nio.ch.Net.bind(Net.java:444)
	at sun.nio.ch.Net.bind(Net.java:436)
	at sun.nio.ch.ServerSocketChannelImpl.bind(ServerSocketChannelImpl.java:214)
	at sun.nio.ch.ServerSocketAdaptor.bind(ServerSocketAdaptor.java:74)
	at org.eclipse.jetty.server.ServerConnector.open(ServerConnector.java:321)
	at org.eclipse.jetty.server.AbstractNetworkConnector.doStart(AbstractNetworkConnector.java:80)
	at org.eclipse.jetty.server.ServerConnector.doStart(ServerConnector.java:236)
	at org.eclipse.jetty.util.component.AbstractLifeCycle.start(AbstractLifeCycle.java:68)
	at org.eclipse.jetty.server.Server.doStart(Server.java:366)
	at org.eclipse.jetty.util.component.AbstractLifeCycle.start(AbstractLifeCycle.java:68)
	at org.bshouse.wsdb.server.Servers.start(Servers.java:60)
	at org.bshouse.wsdb.test.SkiPlannerApiTest.startServers(SkiPlannerApiTest.java:49)
	at sun.reflect.NativeMethodAccessorImpl.invoke0(Native Method)
	at sun.reflect.NativeMethodAccessorImpl.invoke(NativeMethodAccessorImpl.java:57)
	at sun.reflect.DelegatingMethodAccessorImpl.invoke(DelegatingMethodAccessorImpl.java:43)
	at java.lang.reflect.Method.invoke(Method.java:606)
	at org.junit.runners.model.FrameworkMethod$1.runReflectiveCall(FrameworkMethod.java:47)
	at org.junit.internal.runners.model.ReflectiveCallable.run(ReflectiveCallable.java:12)
	at org.junit.runners.model.FrameworkMethod.invokeExplosively(FrameworkMethod.java:44)
	at org.junit.internal.runners.statements.RunBefores.evaluate(RunBefores.java:24)
	at org.junit.internal.runners.statements.RunAfters.evaluate(RunAfters.java:27)
	at org.junit.runners.ParentRunner.run(ParentRunner.java:309)
	at junit.framework.JUnit4TestAdapter.run(JUnit4TestAdapter.java:38)
	at org.apache.tools.ant.taskdefs.optional.junit.JUnitTestRunner.run(JUnitTestRunner.java:532)
	at org.apache.tools.ant.taskdefs.optional.junit.JUnitTestRunner.launch(JUnitTestRunner.java:1179)
	at org.apache.tools.ant.taskdefs.optional.junit.JUnitTestRunner.main(JUnitTestRunner.java:1030)
Jan 28, 2015 4:27:39 PM org.hibernate.annotations.common.reflection.java.JavaReflectionManager <clinit>
INFO: HCANN000001: Hibernate Commons Annotations {4.0.5.Final}
Jan 28, 2015 4:27:39 PM org.hibernate.Version logVersion
INFO: HHH000412: Hibernate Core {4.3.8.Final}
Jan 28, 2015 4:27:39 PM org.hibernate.cfg.Environment <clinit>
INFO: HHH000206: hibernate.properties not found
Jan 28, 2015 4:27:39 PM org.hibernate.cfg.Environment buildBytecodeProvider
INFO: HHH000021: Bytecode provider name : javassist
Jan 28, 2015 4:27:39 PM org.hibernate.cfg.Configuration configure
INFO: HHH000043: Configuring from resource: /hibernate.cfg.xml
Jan 28, 2015 4:27:39 PM org.hibernate.cfg.Configuration getConfigurationInputStream
INFO: HHH000040: Configuration resource: /hibernate.cfg.xml
Jan 28, 2015 4:27:39 PM org.hibernate.cfg.Configuration doConfigure
INFO: HHH000041: Configured SessionFactory: null
Jan 28, 2015 4:27:39 PM org.hibernate.c3p0.internal.C3P0ConnectionProvider configure
INFO: HHH010002: C3P0 using driver: org.hsqldb.jdbcDriver at URL: jdbc:hsqldb:hsql://127.0.0.1:60000/skidummy
Jan 28, 2015 4:27:39 PM org.hibernate.c3p0.internal.C3P0ConnectionProvider configure
INFO: HHH000046: Connection properties: {user=skidefault, password=****, autocommit=true}
Jan 28, 2015 4:27:39 PM org.hibernate.c3p0.internal.C3P0ConnectionProvider configure
INFO: HHH000006: Autocommit mode: true
Jan 28, 2015 4:27:39 PM com.mchange.v2.log.MLog <clinit>
INFO: MLog clients using java 1.4+ standard logging.
Jan 28, 2015 4:27:39 PM com.mchange.v2.c3p0.C3P0Registry banner
INFO: Initializing c3p0-0.9.2.1 [built 20-March-2013 10:47:27 +0000; debug? true; trace: 10]
Jan 28, 2015 4:27:39 PM com.mchange.v2.c3p0.impl.AbstractPoolBackedDataSource getPoolManager
INFO: Initializing c3p0 pool... com.mchange.v2.c3p0.PoolBackedDataSource@4451f93c [ connectionPoolDataSource -> com.mchange.v2.c3p0.WrapperConnectionPoolDataSource@27624998 [ acquireIncrement -> 3, acquireRetryAttempts -> 3, acquireRetryDelay -> 1000, autoCommitOnClose -> false, automaticTestTable -> null, breakAfterAcquireFailure -> false, checkoutTimeout -> 0, connectionCustomizerClassName -> null, connectionTesterClassName -> com.mchange.v2.c3p0.impl.DefaultConnectionTester, debugUnreturnedConnectionStackTraces -> false, factoryClassLocation -> null, forceIgnoreUnresolvedTransactions -> false, identityToken -> 2rvxtu97e454yz1qniqxy|4ce6bd1a, idleConnectionTestPeriod -> 0, initialPoolSize -> 5, maxAdministrativeTaskTime -> 0, maxConnectionAge -> 0, maxIdleTime -> 2800, maxIdleTimeExcessConnections -> 0, maxPoolSize -> 20, maxStatements -> 50, maxStatementsPerConnection -> 0, minPoolSize -> 5, nestedDataSource -> com.mchange.v2.c3p0.DriverManagerDataSource@48115032 [ description -> null, driverClass -> null, factoryClassLocation -> null, identityToken -> 2rvxtu97e454yz1qniqxy|34beb116, jdbcUrl -> jdbc:hsqldb:hsql://127.0.0.1:60000/skidummy, properties -> {user=******, password=******, autocommit=true} ], preferredTestQuery -> null, propertyCycle -> 0, statementCacheNumDeferredCloseThreads -> 0, testConnectionOnCheckin -> false, testConnectionOnCheckout -> false, unreturnedConnectionTimeout -> 0, usesTraditionalReflectiveProxies -> false; userOverrides: {} ], dataSourceName -> null, factoryClassLocation -> null, identityToken -> 2rvxtu97e454yz1qniqxy|47b36583, numHelperThreads -> 3 ]
Jan 28, 2015 4:27:40 PM org.hibernate.dialect.Dialect <init>
INFO: HHH000400: Using dialect: org.hibernate.dialect.HSQLDialect
Jan 28, 2015 4:27:40 PM org.hibernate.engine.jdbc.internal.LobCreatorBuilder useContextualLobCreation
INFO: HHH000424: Disabling contextual LOB creation as createClob() method threw error : java.lang.reflect.InvocationTargetException
Jan 28, 2015 4:27:40 PM org.hibernate.hql.internal.ast.ASTQueryTranslatorFactory <init>
INFO: HHH000397: Using ASTQueryTranslatorFactory
2015-01-28 16:27:40.756:INFO:oejs.ServerConnector:main: Stopped ServerConnector@59264b6d{HTTP/1.1}{127.0.0.1:8080}
2015-01-28 16:27:40.762:INFO:oejsh.ContextHandler:main: Stopped o.e.j.w.WebAppContext@61bb4e04{/,file:/Users/wjderaad/Documents/CU-School/Spring15/DataEng(Anderson)/RESTfulSkiPlanner/,UNAVAILABLE}
]]></system-err>
</testsuite>
