<?xml version="1.0" encoding="UTF-8" ?>
<testsuite errors="0" failures="6" hostname="Roninsamakun-HP" name="org.bshouse.wsdb.test.SkiEventApiTest" skipped="0" tests="8" time="2.892" timestamp="2015-01-29T19:12:22">
  <properties>
[...]
</properties>
  <testcase classname="org.bshouse.wsdb.test.SkiEventApiTest" name="testskieventDeleteInvalid" time="0.41">
    <failure type="junit.framework.AssertionFailedError">junit.framework.AssertionFailedError
	at org.bshouse.wsdb.test.SkiEventApiTest.testskieventDeleteInvalid(SkiEventApiTest.java:358)
</failure>
  </testcase>
  <testcase classname="org.bshouse.wsdb.test.SkiEventApiTest" name="testskieventAddOverflow" time="0.04">
    <failure type="junit.framework.AssertionFailedError">junit.framework.AssertionFailedError
	at org.bshouse.wsdb.test.SkiEventApiTest.testskieventAddOverflow(SkiEventApiTest.java:169)
</failure>
  </testcase>
  <testcase classname="org.bshouse.wsdb.test.SkiEventApiTest" name="testskieventAddBadDate" time="0.02">
    <failure type="junit.framework.AssertionFailedError">junit.framework.AssertionFailedError
	at org.bshouse.wsdb.test.SkiEventApiTest.testskieventAddBadDate(SkiEventApiTest.java:238)
</failure>
  </testcase>
  <testcase classname="org.bshouse.wsdb.test.SkiEventApiTest" name="testskieventList" time="0.11" />
  <testcase classname="org.bshouse.wsdb.test.SkiEventApiTest" name="testskieventDelete" time="0.02">
    <failure type="junit.framework.AssertionFailedError">junit.framework.AssertionFailedError
	at org.bshouse.wsdb.test.SkiEventApiTest.testskieventDelete(SkiEventApiTest.java:327)
</failure>
  </testcase>
  <testcase classname="org.bshouse.wsdb.test.SkiEventApiTest" name="testskieventUpdate" time="0.02">
    <failure type="junit.framework.AssertionFailedError">junit.framework.AssertionFailedError
	at org.bshouse.wsdb.test.SkiEventApiTest.testskieventUpdate(SkiEventApiTest.java:271)
</failure>
  </testcase>
  <testcase classname="org.bshouse.wsdb.test.SkiEventApiTest" name="testskieventAdd" time="0.141" />
  <testcase classname="org.bshouse.wsdb.test.SkiEventApiTest" name="testskieventAddBadDateFormat" time="0.02">
    <failure type="junit.framework.AssertionFailedError">junit.framework.AssertionFailedError
	at org.bshouse.wsdb.test.SkiEventApiTest.testskieventAddBadDateFormat(SkiEventApiTest.java:202)
</failure>
  </testcase>
  <system-out><![CDATA[[Server@b065c63]: [Thread[main,5,main]]: checkRunning(false) entered
[Server@b065c63]: [Thread[main,5,main]]: checkRunning(false) exited
[Server@b065c63]: [Thread[main,5,main]]: start() entered
[Server@b065c63]: [Thread[HSQLDB Server @b065c63,5,main]]: run() entered
[Server@b065c63]: Initiating startup sequence...
[Server@b065c63]: [Thread[HSQLDB Server @b065c63,5,main]]: server.maxdatabases=10
[Server@b065c63]: [Thread[HSQLDB Server @b065c63,5,main]]: server.remote_open=false
[Server@b065c63]: [Thread[HSQLDB Server @b065c63,5,main]]: server.tls=false
[Server@b065c63]: [Thread[HSQLDB Server @b065c63,5,main]]: server.port=60000
[Server@b065c63]: [Thread[HSQLDB Server @b065c63,5,main]]: server.trace=true
[Server@b065c63]: [Thread[HSQLDB Server @b065c63,5,main]]: server.database.1=file:C:\Users\Roninsamakun\Documents\GitHub\RESTfulSkiPlanner\WEB-INF\db\skidummy;hsqldb.sqllog=3;sql.enforce_names=true;user=skidefault;password=def2pass
[Server@b065c63]: [Thread[HSQLDB Server @b065c63,5,main]]: server.acl=WEB-INF/src/properties/server.acl
[Server@b065c63]: [Thread[HSQLDB Server @b065c63,5,main]]: server.database.0=file:C:\Users\Roninsamakun\Documents\GitHub\RESTfulSkiPlanner\WEB-INF\db\skidummy;hsqldb.sqllog=3;sql.enforce_names=true;user=skidefault;password=def2pass
[Server@b065c63]: [Thread[HSQLDB Server @b065c63,5,main]]: server.restart_on_shutdown=false
[Server@b065c63]: [Thread[HSQLDB Server @b065c63,5,main]]: server.no_system_exit=true
[Server@b065c63]: [Thread[HSQLDB Server @b065c63,5,main]]: server.silent=false
[Server@b065c63]: [Thread[HSQLDB Server @b065c63,5,main]]: server.default_page=index.html
[Server@b065c63]: [Thread[HSQLDB Server @b065c63,5,main]]: server.dbname.1=skiprod
[Server@b065c63]: [Thread[HSQLDB Server @b065c63,5,main]]: server.address=127.0.0.1
[Server@b065c63]: [Thread[HSQLDB Server @b065c63,5,main]]: server.dbname.0=skidummy
[Server@b065c63]: [Thread[HSQLDB Server @b065c63,5,main]]: server.root=.
[Server@b065c63]: [Thread[HSQLDB Server @b065c63,5,main]]: openServerSocket() entered
[Server@b065c63]: [Thread[HSQLDB Server @b065c63,5,main]]: Got server socket: ServerSocket[addr=/127.0.0.1,localport=60000]
[Server@b065c63]: Server socket opened successfully in 0 ms.
[Server@b065c63]: [Thread[HSQLDB Server @b065c63,5,main]]: openServerSocket() exiting
[Server@b065c63]: [Thread[HSQLDB Server @b065c63,5,main]]: openDatabases() entered
[Server@b065c63]: [Thread[HSQLDB Server @b065c63,5,main]]: Opening database: [file:C:\Users\Roninsamakun\Documents\GitHub\RESTfulSkiPlanner\WEB-INF\db\skidummy]
[Server@b065c63]: Database [index=0, id=0, db=file:C:\Users\Roninsamakun\Documents\GitHub\RESTfulSkiPlanner\WEB-INF\db\skidummy, alias=skiprod] opened sucessfully in 390 ms.
[Server@b065c63]: [Thread[HSQLDB Server @b065c63,5,main]]: Opening database: [file:C:\Users\Roninsamakun\Documents\GitHub\RESTfulSkiPlanner\WEB-INF\db\skidummy]
[Server@b065c63]: Database [index=1, id=0, db=file:C:\Users\Roninsamakun\Documents\GitHub\RESTfulSkiPlanner\WEB-INF\db\skidummy, alias=skidummy] opened sucessfully in 0 ms.
[Server@b065c63]: [Thread[HSQLDB Server @b065c63,5,main]]: openDatabases() exiting
[Server@b065c63]: Startup sequence completed in 390 ms.
[Server@b065c63]: 2015-01-29 11:12:23.004 HSQLDB server 2.3.2 is online on port 60000
[Server@b065c63]: To close normally, connect and execute SHUTDOWN SQL
[Server@b065c63]: From command line, use [Ctrl]+[C] to abort abruptly
[Server@b065c63]: [Thread[main,5,main]]: start() exiting
DriverManager.getDriver("jdbc:hsqldb:hsql://127.0.0.1:60000/skidummy")
getDriver returning org.hsqldb.jdbc.JDBCDriver
[Server@b065c63]: [Thread[HSQLDB Server @b065c63,5,main]]: handleConnection(Socket[addr=/127.0.0.1,port=50898,localport=60000]) entered
Addr '127.0.0.1' matched rule #1:  Addrs 127.0.0.1/32 ALLOW
[Server@b065c63]: [Thread[HSQLDB Server @b065c63,5,main]]: handleConnection() exited
[Server@b065c63]: [Thread[HSQLDB Server @b065c63,5,main]]: handleConnection(Socket[addr=/127.0.0.1,port=50900,localport=60000]) entered
Addr '127.0.0.1' matched rule #1:  Addrs 127.0.0.1/32 ALLOW
[Server@b065c63]: [Thread[HSQLDB Server @b065c63,5,main]]: handleConnection() exited
[Server@b065c63]: [Thread[HSQLDB Server @b065c63,5,main]]: handleConnection(Socket[addr=/127.0.0.1,port=50899,localport=60000]) entered
Addr '127.0.0.1' matched rule #1:  Addrs 127.0.0.1/32 ALLOW
[Server@b065c63]: [Thread[HSQLDB Server @b065c63,5,main]]: handleConnection() exited
[Server@b065c63]: [Thread[HSQLDB Connection @1c50fb0e,5,HSQLDB Connections @b065c63]]: 2:Trying to connect user 'skidefault' to DB (skidummy)
[Server@b065c63]: [Thread[HSQLDB Connection @202ce25e,5,HSQLDB Connections @b065c63]]: 0:Trying to connect user 'skidefault' to DB (skidummy)
[Server@b065c63]: [Thread[HSQLDB Connection @3c6d4a4e,5,HSQLDB Connections @b065c63]]: 1:Trying to connect user 'skidefault' to DB (skidummy)
[Server@b065c63]: [Thread[HSQLDB Connection @1c50fb0e,5,HSQLDB Connections @b065c63]]: 2:Connected user 'skidefault'
[Server@b065c63]: [Thread[HSQLDB Connection @3c6d4a4e,5,HSQLDB Connections @b065c63]]: 1:Connected user 'skidefault'
[Server@b065c63]: [Thread[HSQLDB Connection @202ce25e,5,HSQLDB Connections @b065c63]]: 0:Connected user 'skidefault'
[Server@b065c63]: 0:HSQLCLI:GETSESSIONATTR
[Server@b065c63]: 2:HSQLCLI:GETSESSIONATTR
[Server@b065c63]: 1:HSQLCLI:GETSESSIONATTR
[Server@b065c63]: 0:HSQLCLI:GETSESSIONATTR
[Server@b065c63]: 2:HSQLCLI:GETSESSIONATTR
[Server@b065c63]: 1:HSQLCLI:GETSESSIONATTR
[Server@b065c63]: 1:HSQLCLI:GETSESSIONATTR
[Server@b065c63]: 0:HSQLCLI:GETSESSIONATTR
[Server@b065c63]: 2:HSQLCLI:GETSESSIONATTR
[Server@b065c63]: 0:HSQLCLI:GETSESSIONATTR
[Server@b065c63]: 2:HSQLCLI:GETSESSIONATTR
[Server@b065c63]: 1:HSQLCLI:GETSESSIONATTR
[Server@b065c63]: 0:HSQLCLI:GETSESSIONATTR
[Server@b065c63]: [Thread[HSQLDB Server @b065c63,5,main]]: handleConnection(Socket[addr=/127.0.0.1,port=50901,localport=60000]) entered
Addr '127.0.0.1' matched rule #1:  Addrs 127.0.0.1/32 ALLOW
[Server@b065c63]: [Thread[HSQLDB Server @b065c63,5,main]]: handleConnection() exited
[Server@b065c63]: [Thread[HSQLDB Server @b065c63,5,main]]: handleConnection(Socket[addr=/127.0.0.1,port=50902,localport=60000]) entered
Addr '127.0.0.1' matched rule #1:  Addrs 127.0.0.1/32 ALLOW
[Server@b065c63]: [Thread[HSQLDB Server @b065c63,5,main]]: handleConnection() exited
[Server@b065c63]: 0:call database_version()
[Server@b065c63]: 0:call database_version()
[Server@b065c63]: 0:call database_version()
[Server@b065c63]: 0:SELECT * FROM INFORMATION_SCHEMA.SYSTEM_TYPEINFO
[Server@b065c63]: 0:HSQLCLI:GETSESSIONATTR
[Server@b065c63]: 0:HSQLCLI:GETSESSIONATTR
[Server@b065c63]: 0:HSQLCLI:GETSESSIONATTR
[Server@b065c63]: [Thread[HSQLDB Connection @2e6c4335,5,HSQLDB Connections @b065c63]]: 3:Trying to connect user 'skidefault' to DB (skidummy)
[Server@b065c63]: [Thread[HSQLDB Connection @69156ab4,5,HSQLDB Connections @b065c63]]: 4:Trying to connect user 'skidefault' to DB (skidummy)
[Server@b065c63]: [Thread[HSQLDB Connection @2e6c4335,5,HSQLDB Connections @b065c63]]: 3:Connected user 'skidefault'
[Server@b065c63]: [Thread[HSQLDB Connection @69156ab4,5,HSQLDB Connections @b065c63]]: 4:Connected user 'skidefault'
[Server@b065c63]: 3:HSQLCLI:GETSESSIONATTR
[Server@b065c63]: 4:HSQLCLI:GETSESSIONATTR
[Server@b065c63]: 3:HSQLCLI:GETSESSIONATTR
[Server@b065c63]: 3:HSQLCLI:GETSESSIONATTR
[Server@b065c63]: 4:HSQLCLI:GETSESSIONATTR
[Server@b065c63]: 3:HSQLCLI:GETSESSIONATTR
[Server@b065c63]: 4:HSQLCLI:GETSESSIONATTR
[Server@b065c63]: 4:HSQLCLI:GETSESSIONATTR
[Server@b065c63]: 4:HSQLCLI:GETSESSIONATTR
[Server@b065c63]: 4:SQLCLI:SQLPREPARE delete from skidummy.eventinfo
[Server@b065c63]: 4:SQLCLI:SQLEXECUTE:1
[Server@b065c63]: 4:HSQLCLI:GETSESSIONATTR
testDeleteInvalidskievent: {"success":false,"message":"Delete failed because required data is missing"}
[Server@b065c63]: 3:HSQLCLI:GETSESSIONATTR
[Server@b065c63]: 3:SQLCLI:SQLPREPARE delete from skidummy.eventinfo
[Server@b065c63]: 3:SQLCLI:SQLEXECUTE:1
java.sql.SQLException: This pooled Connection was explicitly close()ed by a client, not invalidated due to an error.
	at com.mchange.v2.c3p0.impl.NewPooledConnection.<clinit>(NewPooledConnection.java:54)
	at com.mchange.v2.c3p0.WrapperConnectionPoolDataSource.getPooledConnection(WrapperConnectionPoolDataSource.java:211)
	at com.mchange.v2.c3p0.WrapperConnectionPoolDataSource.getPooledConnection(WrapperConnectionPoolDataSource.java:184)
	at com.mchange.v2.c3p0.impl.C3P0PooledConnectionPool$1PooledConnectionResourcePoolManager.acquireResource(C3P0PooledConnectionPool.java:200)
	at com.mchange.v2.resourcepool.BasicResourcePool.doAcquire(BasicResourcePool.java:1086)
	at com.mchange.v2.resourcepool.BasicResourcePool.doAcquireAndDecrementPendingAcquiresWithinLockOnSuccess(BasicResourcePool.java:1073)
	at com.mchange.v2.resourcepool.BasicResourcePool.access$800(BasicResourcePool.java:44)
	at com.mchange.v2.resourcepool.BasicResourcePool$ScatteredAcquireTask.run(BasicResourcePool.java:1810)
	at com.mchange.v2.async.ThreadPoolAsynchronousRunner$PoolThread.run(ThreadPoolAsynchronousRunner.java:648)
SQLWarning: reason(no data) SQLState(02000) vendor code(-1100)
[Server@b065c63]: 3:HSQLCLI:GETSESSIONATTR
testAddOverflowskievent: {"success":false,"message":"Add failed because required data is missing"}
testAddBadDateskievent: {"success":false,"message":"Add failed because required data is missing"}
[Server@b065c63]: 0:HSQLCLI:GETSESSIONATTR
[Server@b065c63]: 0:SQLCLI:SQLPREPARE delete from skidummy.eventinfo
[Server@b065c63]: 0:SQLCLI:SQLEXECUTE:1
SQLWarning: reason(no data) SQLState(02000) vendor code(-1100)
[Server@b065c63]: 0:HSQLCLI:GETSESSIONATTR
[Server@b065c63]: 2:HSQLCLI:GETSESSIONATTR
[Server@b065c63]: 2:SQLCLI:SQLPREPARE select this_.id as id1_0_0_, this_.email as email2_0_0_, this_.first as first3_0_0_, this_.last as last4_0_0_, this_.cell as cell5_0_0_, this_.pref as pref6_0_0_, this_.resort as resort7_0_0_, this_.skiday as skiday8_0_0_, this_.skill as skill9_0_0_ from skidummy.eventinfo this_
[Server@b065c63]: 2:SQLCLI:SQLEXECUTE:1
[Server@b065c63]: 2:HSQLCLI:GETSESSIONATTR
[Server@b065c63]: 2:HSQLCLI:GETSESSIONATTR
[Server@b065c63]: 2:HSQLCLI:GETSESSIONATTR
1. testskieventList: {"data":[],"success":true}
[Server@b065c63]: 0:SQLCLI:SQLPREPARE insert into skidummy.eventinfo (id, email, first, last, cell, pref, resort, skiday, skill) values (default, ?, ?, ?, ?, ?, ?, ?, ?)
[Server@b065c63]: 0:SQLCLI:SQLEXECUTE:2
[Server@b065c63]: 0:SQLCLI:SQLEXECUTE:2
[Server@b065c63]: 2:HSQLCLI:GETSESSIONATTR
[Server@b065c63]: 2:SQLCLI:SQLEXECUTE:1
[Server@b065c63]: 2:HSQLCLI:GETSESSIONATTR
[Server@b065c63]: 2:HSQLCLI:GETSESSIONATTR
[Server@b065c63]: 2:HSQLCLI:GETSESSIONATTR
2. testskieventList: {"data":[{"id":7,"nameFirst":"Bill","nameLast":"","numberCell":"","email":"","resort":"","pref":"","skill":""},{"id":8,"nameFirst":"Bob","nameLast":"","numberCell":"","email":"","resort":"","pref":"","skill":""}],"success":true}
[Server@b065c63]: 2:HSQLCLI:GETSESSIONATTR
[Server@b065c63]: 2:SQLCLI:SQLPREPARE delete from skidummy.eventinfo
[Server@b065c63]: 2:SQLCLI:SQLEXECUTE:2
[Server@b065c63]: 2:HSQLCLI:GETSESSIONATTR
testDeleteskievent(Add): {"success":false,"message":"Add failed because required data is missing"}
[Server@b065c63]: 1:HSQLCLI:GETSESSIONATTR
[Server@b065c63]: 1:SQLCLI:SQLPREPARE delete from skidummy.eventinfo
[Server@b065c63]: 1:SQLCLI:SQLEXECUTE:1
SQLWarning: reason(no data) SQLState(02000) vendor code(-1100)
[Server@b065c63]: 1:HSQLCLI:GETSESSIONATTR
testUpdateskievent(Add): {"success":false,"message":"Add failed because required data is missing"}
[Server@b065c63]: [Thread[HSQLDB Server @b065c63,5,main]]: handleConnection(Socket[addr=/127.0.0.1,port=50911,localport=60000]) entered
Addr '127.0.0.1' matched rule #1:  Addrs 127.0.0.1/32 ALLOW
[Server@b065c63]: [Thread[HSQLDB Server @b065c63,5,main]]: handleConnection() exited
[Server@b065c63]: [Thread[HSQLDB Server @b065c63,5,main]]: handleConnection(Socket[addr=/127.0.0.1,port=50909,localport=60000]) entered
Addr '127.0.0.1' matched rule #1:  Addrs 127.0.0.1/32 ALLOW
[Server@b065c63]: [Thread[HSQLDB Server @b065c63,5,main]]: handleConnection() exited
[Server@b065c63]: [Thread[HSQLDB Server @b065c63,5,main]]: handleConnection(Socket[addr=/127.0.0.1,port=50910,localport=60000]) entered
Addr '127.0.0.1' matched rule #1:  Addrs 127.0.0.1/32 ALLOW
[Server@b065c63]: [Thread[HSQLDB Server @b065c63,5,main]]: handleConnection() exited
[Server@b065c63]: [Thread[HSQLDB Connection @68d6ecdb,5,HSQLDB Connections @b065c63]]: 7:Trying to connect user 'skidefault' to DB (skidummy)
[Server@b065c63]: [Thread[HSQLDB Connection @24ef7698,5,HSQLDB Connections @b065c63]]: 6:Trying to connect user 'skidefault' to DB (skidummy)
[Server@b065c63]: [Thread[HSQLDB Connection @3ffc62e2,5,HSQLDB Connections @b065c63]]: 5:Trying to connect user 'skidefault' to DB (skidummy)
[Server@b065c63]: [Thread[HSQLDB Connection @68d6ecdb,5,HSQLDB Connections @b065c63]]: 7:Connected user 'skidefault'
[Server@b065c63]: [Thread[HSQLDB Connection @3ffc62e2,5,HSQLDB Connections @b065c63]]: 5:Connected user 'skidefault'
[Server@b065c63]: [Thread[HSQLDB Connection @24ef7698,5,HSQLDB Connections @b065c63]]: 6:Connected user 'skidefault'
[Server@b065c63]: 5:HSQLCLI:GETSESSIONATTR
[Server@b065c63]: 7:HSQLCLI:GETSESSIONATTR
[Server@b065c63]: 6:HSQLCLI:GETSESSIONATTR
[Server@b065c63]: 6:HSQLCLI:GETSESSIONATTR
[Server@b065c63]: 5:HSQLCLI:GETSESSIONATTR
[Server@b065c63]: 7:HSQLCLI:GETSESSIONATTR
[Server@b065c63]: 5:HSQLCLI:GETSESSIONATTR
[Server@b065c63]: 6:HSQLCLI:GETSESSIONATTR
[Server@b065c63]: 7:HSQLCLI:GETSESSIONATTR
[Server@b065c63]: 5:HSQLCLI:GETSESSIONATTR
[Server@b065c63]: 6:HSQLCLI:GETSESSIONATTR
[Server@b065c63]: 7:HSQLCLI:GETSESSIONATTR
[Server@b065c63]: 6:HSQLCLI:GETSESSIONATTR
[Server@b065c63]: 6:SQLCLI:SQLPREPARE delete from skidummy.eventinfo
[Server@b065c63]: 6:SQLCLI:SQLEXECUTE:1
SQLWarning: reason(no data) SQLState(02000) vendor code(-1100)
[Server@b065c63]: 6:HSQLCLI:GETSESSIONATTR
[Server@b065c63]: 7:HSQLCLI:GETSESSIONATTR
[Server@b065c63]: 7:SQLCLI:SQLPREPARE insert into skidummy.eventinfo (id, email, first, last, cell, pref, resort, skiday, skill) values (default, ?, ?, ?, ?, ?, ?, ?, ?)
[Server@b065c63]: 7:SQLCLI:SQLEXECUTE:1
[Server@b065c63]: 7:HSQLCLI:GETSESSIONATTR
[Server@b065c63]: 7:HSQLCLI:GETSESSIONATTR
testAddskievent: {"data":{"id":9,"nameFirst":"Joe","nameLast":"Doe","numberCell":"303-333-3333","email":"Joe.Doe@Inter.Net","skiday":"01/30/2015","resort":"Copper","pref":"Snowboard","skill":"Hack"},"success":true}
testAddBadDateskievent: {"success":false,"message":"Add failed because required data is missing"}
[Server@b065c63]: [Thread[main,5,main]]: stop() entered
[Server@b065c63]: [Thread[main,5,main]]: releaseServerSocket() entered
[Server@b065c63]: [Thread[main,5,main]]: Releasing server socket: [ServerSocket[addr=/127.0.0.1,localport=60000]]
[Server@b065c63]: [Thread[main,5,main]]: releaseServerSocket() exited
[Server@b065c63]: [Thread[main,5,main]]: stop() exiting
[Server@b065c63]: [Thread[HSQLDB Server @b065c63,5,main]]: shutdown() entered
[Server@b065c63]: Initiating shutdown sequence...
[Server@b065c63]: [Thread[HSQLDB Server @b065c63,5,main]]: releaseServerSocket() entered
[Server@b065c63]: [Thread[HSQLDB Server @b065c63,5,main]]: releaseServerSocket() exited
[Server@b065c63]: [Thread[HSQLDB Server @b065c63,5,main]]: releaseDatabase(0) entered
]]></system-out>
  <system-err><![CDATA[2015-01-29 11:12:23.144:INFO::main: Logging initialized @850ms
2015-01-29 11:12:23.224:INFO:oejs.Server:main: jetty-9.2.6.v20141205
2015-01-29T11:12:23.665-0800  WARNING  No MultipartWrapper implementation could be loaded
2015-01-29 11:12:23.705:INFO:oejsh.ContextHandler:main: Started o.e.j.w.WebAppContext@80ec1f8{/,file:/C:/Users/Roninsamakun/Documents/GitHub/RESTfulSkiPlanner/,AVAILABLE}
2015-01-29 11:12:23.745:INFO:oejs.ServerConnector:main: Started ServerConnector@6279cee3{HTTP/1.1}{127.0.0.1:8080}
2015-01-29 11:12:23.745:INFO:oejs.Server:main: Started @1455ms
2015-01-29T11:12:25.045-0800  WARN  SQL Warning Code: -1100, SQLState: 02000
2015-01-29T11:12:25.045-0800  WARN  no data
2015-01-29T11:12:25.095-0800  WARN  SQL Warning Code: -1100, SQLState: 02000
2015-01-29T11:12:25.095-0800  WARN  no data
2015-01-29T11:12:25.225-0800  WARN  SQL Warning Code: -1100, SQLState: 02000
2015-01-29T11:12:25.225-0800  WARN  no data
2015-01-29T11:12:25.355-0800  WARN  SQL Warning Code: -1100, SQLState: 02000
2015-01-29T11:12:25.355-0800  WARN  no data
2015-01-29 11:12:25.416:INFO:oejs.ServerConnector:main: Stopped ServerConnector@6279cee3{HTTP/1.1}{127.0.0.1:8080}
2015-01-29 11:12:25.416:INFO:oejsh.ContextHandler:main: Stopped o.e.j.w.WebAppContext@80ec1f8{/,file:/C:/Users/Roninsamakun/Documents/GitHub/RESTfulSkiPlanner/,UNAVAILABLE}
]]></system-err>
</testsuite>
